{"/Users/moiz/Documents/test/abu-dhabi-captial-group/backend/tests/config/app.config.ts": {"path":"/Users/moiz/Documents/test/abu-dhabi-captial-group/backend/tests/config/app.config.ts","statementMap":{"0":{"start":{"line":2,"column":9},"end":{"line":2,"column":49}},"1":{"start":{"line":5,"column":0},"end":{"line":5,"column":25}}},"fnMap":{},"branchMap":{},"s":{"0":1,"1":1},"f":{},"b":{}}
,"/Users/moiz/Documents/test/abu-dhabi-captial-group/backend/tests/constants/customer.constant.ts": {"path":"/Users/moiz/Documents/test/abu-dhabi-captial-group/backend/tests/constants/customer.constant.ts","statementMap":{"0":{"start":{"line":1,"column":16},"end":{"line":9,"column":null}},"1":{"start":{"line":12,"column":2},"end":{"line":12,"column":9}}},"fnMap":{},"branchMap":{},"s":{"0":1,"1":1},"f":{},"b":{}}
,"/Users/moiz/Documents/test/abu-dhabi-captial-group/backend/tests/services/customer.service.ts": {"path":"/Users/moiz/Documents/test/abu-dhabi-captial-group/backend/tests/services/customer.service.ts","statementMap":{"0":{"start":{"line":1,"column":0},"end":{"line":1,"column":43}},"1":{"start":{"line":2,"column":0},"end":{"line":2,"column":48}},"2":{"start":{"line":6,"column":4},"end":{"line":7,"column":null}},"3":{"start":{"line":10,"column":4},"end":{"line":12,"column":null}},"4":{"start":{"line":16,"column":0},"end":{"line":16,"column":37}}},"fnMap":{"0":{"name":"(anonymous_1)","decl":{"start":{"line":5,"column":2},"end":{"line":5,"column":13}},"loc":{"start":{"line":5,"column":13},"end":{"line":8,"column":3}}},"1":{"name":"(anonymous_2)","decl":{"start":{"line":9,"column":2},"end":{"line":9,"column":13}},"loc":{"start":{"line":9,"column":21},"end":{"line":13,"column":3}}}},"branchMap":{},"s":{"0":1,"1":1,"2":1,"3":1,"4":1},"f":{"0":1,"1":1},"b":{}}
,"/Users/moiz/Documents/test/abu-dhabi-captial-group/backend/tests/test-scripts/customer.test.ts": {"path":"/Users/moiz/Documents/test/abu-dhabi-captial-group/backend/tests/test-scripts/customer.test.ts","statementMap":{"0":{"start":{"line":1,"column":0},"end":{"line":1,"column":59}},"1":{"start":{"line":2,"column":0},"end":{"line":2,"column":59}},"2":{"start":{"line":6,"column":4},"end":{"line":11,"column":null}},"3":{"start":{"line":6,"column":46},"end":{"line":11,"column":6}},"4":{"start":{"line":7,"column":23},"end":{"line":7,"column":58}},"5":{"start":{"line":8,"column":6},"end":{"line":8,"column":47}},"6":{"start":{"line":9,"column":6},"end":{"line":9,"column":76}},"7":{"start":{"line":10,"column":6},"end":{"line":10,"column":40}},"8":{"start":{"line":14,"column":4},"end":{"line":19,"column":null}},"9":{"start":{"line":14,"column":44},"end":{"line":19,"column":6}},"10":{"start":{"line":15,"column":23},"end":{"line":15,"column":65}},"11":{"start":{"line":16,"column":6},"end":{"line":16,"column":47}},"12":{"start":{"line":17,"column":6},"end":{"line":17,"column":72}},"13":{"start":{"line":18,"column":6},"end":{"line":18,"column":40}},"14":{"start":{"line":23,"column":0},"end":{"line":23,"column":34}}},"fnMap":{"0":{"name":"(anonymous_8)","decl":{"start":{"line":5,"column":2},"end":{"line":5,"column":13}},"loc":{"start":{"line":5,"column":13},"end":{"line":12,"column":3}}},"1":{"name":"(anonymous_9)","decl":{"start":{"line":6,"column":35},"end":{"line":6,"column":44}},"loc":{"start":{"line":6,"column":46},"end":{"line":11,"column":6}}},"2":{"name":"(anonymous_10)","decl":{"start":{"line":6,"column":46},"end":{"line":6,"column":null}},"loc":{"start":{"line":6,"column":46},"end":{"line":11,"column":5}}},"3":{"name":"(anonymous_11)","decl":{"start":{"line":13,"column":2},"end":{"line":13,"column":13}},"loc":{"start":{"line":13,"column":13},"end":{"line":20,"column":3}}},"4":{"name":"(anonymous_12)","decl":{"start":{"line":14,"column":33},"end":{"line":14,"column":42}},"loc":{"start":{"line":14,"column":44},"end":{"line":19,"column":6}}},"5":{"name":"(anonymous_13)","decl":{"start":{"line":14,"column":44},"end":{"line":14,"column":null}},"loc":{"start":{"line":14,"column":44},"end":{"line":19,"column":5}}}},"branchMap":{},"s":{"0":1,"1":1,"2":1,"3":1,"4":1,"5":1,"6":1,"7":1,"8":1,"9":1,"10":1,"11":1,"12":1,"13":1,"14":1},"f":{"0":1,"1":1,"2":1,"3":1,"4":1,"5":1},"b":{}}
,"/Users/moiz/Documents/test/abu-dhabi-captial-group/backend/tests/utils/api.service.ts": {"path":"/Users/moiz/Documents/test/abu-dhabi-captial-group/backend/tests/utils/api.service.ts","statementMap":{"0":{"start":{"line":1,"column":15},"end":{"line":1,"column":56}},"1":{"start":{"line":1,"column":40},"end":{"line":1,"column":56}},"2":{"start":{"line":3,"column":17},"end":{"line":5,"column":null}},"3":{"start":{"line":8,"column":2},"end":{"line":8,"column":10}}},"fnMap":{"0":{"name":"(anonymous_0)","decl":{"start":{"line":1,"column":15},"end":{"line":1,"column":16}},"loc":{"start":{"line":1,"column":40},"end":{"line":1,"column":56}}}},"branchMap":{},"s":{"0":1,"1":1,"2":1,"3":1},"f":{"0":1},"b":{}}
,"/Users/moiz/Documents/test/abu-dhabi-captial-group/backend/tests/utils/utils.service.ts": {"path":"/Users/moiz/Documents/test/abu-dhabi-captial-group/backend/tests/utils/utils.service.ts","statementMap":{"0":{"start":{"line":1,"column":0},"end":{"line":1,"column":34}},"1":{"start":{"line":2,"column":0},"end":{"line":2,"column":45}},"2":{"start":{"line":6,"column":10},"end":{"line":6,"column":51}},"3":{"start":{"line":9,"column":4},"end":{"line":9,"column":22}},"4":{"start":{"line":14,"column":0},"end":{"line":14,"column":25}}},"fnMap":{"0":{"name":"(anonymous_1)","decl":{"start":{"line":4,"column":0},"end":{"line":4,"column":6}},"loc":{"start":{"line":4,"column":0},"end":{"line":12,"column":1}}},"1":{"name":"(anonymous_2)","decl":{"start":{"line":8,"column":2},"end":{"line":8,"column":11}},"loc":{"start":{"line":8,"column":11},"end":{"line":10,"column":3}}}},"branchMap":{},"s":{"0":1,"1":1,"2":1,"3":2,"4":1},"f":{"0":1,"1":2},"b":{}}
}
